<?xml version="1.0" encoding="UTF-8"?>
<!-- Generated by org.testng.reporters.JUnitXMLReporter -->
<testsuite hostname="NhsbsaMminsMBP3" ignored="0" name="Surefire test" tests="3" failures="0" timestamp="16 Nov 2020 09:27:52 GMT" time="8.237" errors="0">
  <testcase name="feature" time="1.818" classname="cucumber.api.testng.AbstractTestNGCucumberTests"/>
  <testcase name="feature" time="4.253" classname="cucumber.api.testng.AbstractTestNGCucumberTests"/>
  <testcase name="feature" time="1.834" classname="cucumber.api.testng.AbstractTestNGCucumberTests"/>
</testsuite> <!-- Surefire test -->
