<?xml version="1.0" encoding="UTF-8"?>
<testng-results skipped="0" failed="0" ignored="0" total="3" passed="3">
  <reporter-output>
  </reporter-output>
  <suite name="Surefire suite" duration-ms="8237" started-at="2020-11-16T09:27:44Z" finished-at="2020-11-16T09:27:52Z">
    <groups>
      <group name="cucumber">
        <method signature="AbstractTestNGCucumberTests.feature(cucumber.api.testng.CucumberFeatureWrapper)[pri:0, instance:TestRunner.TestRunner@2812cbfa]" name="feature" class="cucumber.api.testng.AbstractTestNGCucumberTests"/>
      </group> <!-- cucumber -->
    </groups>
    <test name="Surefire test" duration-ms="8237" started-at="2020-11-16T09:27:44Z" finished-at="2020-11-16T09:27:52Z">
      <class name="TestRunner.TestRunner">
        <test-method status="PASS" signature="setUpClass()[pri:0, instance:TestRunner.TestRunner@2812cbfa]" name="setUpClass" is-config="true" duration-ms="121" started-at="2020-11-16T09:27:44Z" finished-at="2020-11-16T09:27:44Z">
          <reporter-output>
          </reporter-output>
        </test-method> <!-- setUpClass -->
        <test-method status="PASS" signature="feature(cucumber.api.testng.CucumberFeatureWrapper)[pri:0, instance:TestRunner.TestRunner@2812cbfa]" name="feature" duration-ms="1818" started-at="2020-11-16T09:27:44Z" description="Runs Cucumber Feature" data-provider="features" finished-at="2020-11-16T09:27:46Z">
          <params>
            <param index="0">
              <value>
                <![CDATA[Get List of Articles]]>
              </value>
            </param>
          </params>
          <reporter-output>
          </reporter-output>
        </test-method> <!-- feature -->
        <test-method status="PASS" signature="feature(cucumber.api.testng.CucumberFeatureWrapper)[pri:0, instance:TestRunner.TestRunner@2812cbfa]" name="feature" duration-ms="4253" started-at="2020-11-16T09:27:46Z" description="Runs Cucumber Feature" data-provider="features" finished-at="2020-11-16T09:27:50Z">
          <params>
            <param index="0">
              <value>
                <![CDATA[Get Single Article]]>
              </value>
            </param>
          </params>
          <reporter-output>
          </reporter-output>
        </test-method> <!-- feature -->
        <test-method status="PASS" signature="feature(cucumber.api.testng.CucumberFeatureWrapper)[pri:0, instance:TestRunner.TestRunner@2812cbfa]" name="feature" duration-ms="1834" started-at="2020-11-16T09:27:50Z" description="Runs Cucumber Feature" data-provider="features" finished-at="2020-11-16T09:27:52Z">
          <params>
            <param index="0">
              <value>
                <![CDATA[Verify with single Article - POST,PUT,DELETE Method]]>
              </value>
            </param>
          </params>
          <reporter-output>
          </reporter-output>
        </test-method> <!-- feature -->
        <test-method status="PASS" signature="tearDownClass()[pri:0, instance:TestRunner.TestRunner@2812cbfa]" name="tearDownClass" is-config="true" duration-ms="157" started-at="2020-11-16T09:27:52Z" finished-at="2020-11-16T09:27:52Z">
          <reporter-output>
          </reporter-output>
        </test-method> <!-- tearDownClass -->
      </class> <!-- TestRunner.TestRunner -->
    </test> <!-- Surefire test -->
  </suite> <!-- Surefire suite -->
</testng-results>
